<?xml version="1.0" encoding="UTF-8"?>
<!-- Generated by org.testng.reporters.JUnitReportReporter -->
<testsuite hostname="DESKTOP-I0SPO2S" failures="0" tests="1" name="testcasespackage.testcases" time="21.970" errors="0" timestamp="2020-11-19T20:48:25 IST" skipped="0">
  <testcase classname="testcasespackage.testcases" name="f" time="21.970"/>
  <system-out/>
</testsuite> <!-- testcasespackage.testcases -->
